<?xml version="1.0" encoding="UTF-8"?>
<!-- Generated by org.testng.reporters.JUnitXMLReporter -->
<testsuite ignored="1" hostname="Vishnu" failures="0" tests="1" name="Default test" time="0.154" errors="0" timestamp="2023-03-28T15:55:13 IST">
  <testcase classname="com.sgtesting.assertions.AssertEqualsDemo" name="assertNotEqualsTesting" time="0.025"/>
  <testcase classname="com.sgtesting.assertions.AssertEqualsDemo" name="assertEqualsTesting" time="0.0">
    <ignored/>
  </testcase> <!-- assertEqualsTesting -->
</testsuite> <!-- Default test -->
